<?xml version="1.0" encoding="UTF-8"?>
<testsuite xmlns:xsi="http://www.w3.org/2001/XMLSchema-instance" xsi:noNamespaceSchemaLocation="https://maven.apache.org/surefire/maven-surefire-plugin/xsd/surefire-test-report.xsd" version="3.0.2" name="com.cropdeal.config.ConfigServerApplicationTests" time="9.945" tests="1" errors="0" skipped="0" failures="0">
  <properties>
[...]
</properties>
  <testcase name="contextLoads" classname="com.cropdeal.config.ConfigServerApplicationTests" time="1.953">
    <system-out><![CDATA[14:07:23.068 [main] INFO org.springframework.test.context.support.AnnotationConfigContextLoaderUtils -- Could not detect default configuration classes for test class [com.cropdeal.config.ConfigServerApplicationTests]: ConfigServerApplicationTests does not declare any static, non-private, non-final, nested classes annotated with @Configuration.
14:07:23.323 [main] INFO org.springframework.boot.test.context.SpringBootTestContextBootstrapper -- Found @SpringBootConfiguration com.cropdeal.config.ConfigServerApplication for test class com.cropdeal.config.ConfigServerApplicationTests

  .   ____          _            __ _ _
 /\\ / ___'_ __ _ _(_)_ __  __ _ \ \ \ \
( ( )\___ | '_ | '_| | '_ \/ _` | \ \ \ \
 \\/  ___)| |_)| | | | | || (_| |  ) ) ) )
  '  |____| .__|_| |_|_| |_\__, | / / / /
 =========|_|==============|___/=/_/_/_/

 :: Spring Boot ::                (v3.5.4)

2026-09-18T14:07:24.885+05:30  INFO 44256 --- [config-server] [           main] c.c.config.ConfigServerApplicationTests  : Starting ConfigServerApplicationTests using Java 23.0.2 with PID 44256 (started by HARINE in C:\Users\HARINE\Downloads\Cropdeal-main (1)\Cropdeal-main\config-server)
2026-09-18T14:07:24.890+05:30  INFO 44256 --- [config-server] [           main] c.c.config.ConfigServerApplicationTests  : The following 1 profile is active: "native"
2026-09-18T14:07:27.456+05:30  INFO 44256 --- [config-server] [           main] o.s.cloud.context.scope.GenericScope     : BeanFactory id=2cd84eae-54fe-3067-9513-0fb754300d8d
2026-09-18T14:07:30.275+05:30  INFO 44256 --- [config-server] [           main] o.s.b.a.e.web.EndpointLinksResolver      : Exposing 3 endpoints beneath base path '/actuator'
2026-09-18T14:07:30.440+05:30  INFO 44256 --- [config-server] [           main] c.c.config.ConfigServerApplicationTests  : Started ConfigServerApplicationTests in 6.451 seconds (process running for 9.067)
]]></system-out>
    <system-err><![CDATA[Mockito is currently self-attaching to enable the inline-mock-maker. This will no longer work in future releases of the JDK. Please add Mockito as an agent to your build as described in Mockito's documentation: https://javadoc.io/doc/org.mockito/mockito-core/latest/org.mockito/org/mockito/Mockito.html#0.3
WARNING: A Java agent has been loaded dynamically (C:\Users\HARINE\.m2\repository\net\bytebuddy\byte-buddy-agent\1.17.6\byte-buddy-agent-1.17.6.jar)
WARNING: If a serviceability tool is in use, please run with -XX:+EnableDynamicAgentLoading to hide this warning
WARNING: If a serviceability tool is not in use, please run with -Djdk.instrument.traceUsage for more information
WARNING: Dynamic loading of agents will be disallowed by default in a future release
]]></system-err>
  </testcase>
</testsuite>